2024-11-12 15:18:45,260 [[34mDEBUG[0m] Creating multiprocessing context using 'spawn'
2024-11-12 15:18:45,262 [[34mDEBUG[0m] [34mStarting a process: [1m[38;2;255;13;104mSanic-Server-0-0[0m
2024-11-12 15:18:46,149 [[34mDEBUG[0m] [34mProcess ack: [1m[38;2;255;13;104mSanic-Server-0-0 [34m[40024][0m
2024-11-12 15:18:46,152 [INFO] <Server sockets=(<asyncio.TransportSocket fd=788, family=2, type=1, proto=6, laddr=('0.0.0.0', 8000)>,)> is serving
2024-11-12 15:18:46,158 [INFO] Starting worker [40024]
2024-11-12 15:18:58,375 [INFO] Starting survey data processing.
2024-11-12 15:18:58,375 [INFO] Processing rules - overall_analysis: certain, cat_dog: dogs, fur_value: short, tail_value: short
2024-11-12 15:19:01,406 [WARNING] Executing <Task pending name='Task-7' coro=<HttpProtocol.connection_task() running at C:\Users\RohanRVC\Documents\Internship\EDUCAMP\educamp\Lib\site-packages\sanic\server\protocols\http_protocol.py:161> wait_for=<Future pending cb=[_chain_future.<locals>._call_check_cancel() at C:\Users\RohanRVC\AppData\Local\Programs\Python\Python311\Lib\asyncio\futures.py:387, Task.task_wakeup()] created at C:\Users\RohanRVC\AppData\Local\Programs\Python\Python311\Lib\asyncio\base_events.py:427> created at C:\Users\RohanRVC\Documents\Internship\EDUCAMP\educamp\Lib\site-packages\sanic\server\protocols\http_protocol.py:301> took 3.047 seconds
2024-11-12 15:19:01,417 [INFO] Survey result saved to CSV successfully.
2024-11-12 15:19:01,417 [[38;2;255;13;104mACCESS[0m] 
2024-11-12 15:19:16,477 [INFO] Starting survey data processing.
2024-11-12 15:19:16,477 [INFO] Processing rules - overall_analysis: certain, cat_dog: dogs, fur_value: long, tail_value: long
2024-11-12 15:19:18,630 [WARNING] Executing <Task pending name='Task-9' coro=<HttpProtocol.connection_task() running at C:\Users\RohanRVC\Documents\Internship\EDUCAMP\educamp\Lib\site-packages\sanic\server\protocols\http_protocol.py:161> wait_for=<Future pending cb=[_chain_future.<locals>._call_check_cancel() at C:\Users\RohanRVC\AppData\Local\Programs\Python\Python311\Lib\asyncio\futures.py:387, Task.task_wakeup()] created at C:\Users\RohanRVC\AppData\Local\Programs\Python\Python311\Lib\asyncio\base_events.py:427> created at C:\Users\RohanRVC\Documents\Internship\EDUCAMP\educamp\Lib\site-packages\sanic\server\protocols\http_protocol.py:301> took 2.156 seconds
2024-11-12 15:19:18,652 [INFO] Survey result saved to CSV successfully.
2024-11-12 15:19:18,653 [[38;2;255;13;104mACCESS[0m] 
2024-11-12 15:19:33,557 [INFO] Starting survey data processing.
2024-11-12 15:19:33,557 [INFO] Processing rules - overall_analysis: certain, cat_dog: dogs, fur_value: short, tail_value: short
2024-11-12 15:19:36,069 [WARNING] Executing <Task pending name='Task-11' coro=<HttpProtocol.connection_task() running at C:\Users\RohanRVC\Documents\Internship\EDUCAMP\educamp\Lib\site-packages\sanic\server\protocols\http_protocol.py:161> wait_for=<Future pending cb=[_chain_future.<locals>._call_check_cancel() at C:\Users\RohanRVC\AppData\Local\Programs\Python\Python311\Lib\asyncio\futures.py:387, Task.task_wakeup()] created at C:\Users\RohanRVC\AppData\Local\Programs\Python\Python311\Lib\asyncio\base_events.py:427> created at C:\Users\RohanRVC\Documents\Internship\EDUCAMP\educamp\Lib\site-packages\sanic\server\protocols\http_protocol.py:301> took 2.516 seconds
2024-11-12 15:19:36,075 [INFO] Survey result saved to CSV successfully.
2024-11-12 15:19:36,076 [[38;2;255;13;104mACCESS[0m] 
2024-11-12 15:21:00,132 [INFO] Starting survey data processing.
2024-11-12 15:21:00,132 [INFO] Processing rules - overall_analysis: certain, cat_dog: dogs, fur_value: short, tail_value: short
2024-11-12 15:21:02,476 [WARNING] Executing <Task pending name='Task-13' coro=<HttpProtocol.connection_task() running at C:\Users\RohanRVC\Documents\Internship\EDUCAMP\educamp\Lib\site-packages\sanic\server\protocols\http_protocol.py:161> wait_for=<Future pending cb=[_chain_future.<locals>._call_check_cancel() at C:\Users\RohanRVC\AppData\Local\Programs\Python\Python311\Lib\asyncio\futures.py:387, Task.task_wakeup()] created at C:\Users\RohanRVC\AppData\Local\Programs\Python\Python311\Lib\asyncio\base_events.py:427> created at C:\Users\RohanRVC\Documents\Internship\EDUCAMP\educamp\Lib\site-packages\sanic\server\protocols\http_protocol.py:301> took 2.344 seconds
2024-11-12 15:21:02,476 [INFO] Survey result saved to CSV successfully.
2024-11-12 15:21:02,476 [[38;2;255;13;104mACCESS[0m] 
2024-11-12 15:21:25,005 [INFO] Starting survey data processing.
2024-11-12 15:21:25,005 [INFO] Processing rules - overall_analysis: certain, cat_dog: dogs, fur_value: short, tail_value: short
2024-11-12 15:21:27,992 [WARNING] Executing <Task pending name='Task-15' coro=<HttpProtocol.connection_task() running at C:\Users\RohanRVC\Documents\Internship\EDUCAMP\educamp\Lib\site-packages\sanic\server\protocols\http_protocol.py:161> wait_for=<Future pending cb=[_chain_future.<locals>._call_check_cancel() at C:\Users\RohanRVC\AppData\Local\Programs\Python\Python311\Lib\asyncio\futures.py:387, Task.task_wakeup()] created at C:\Users\RohanRVC\AppData\Local\Programs\Python\Python311\Lib\asyncio\base_events.py:427> created at C:\Users\RohanRVC\Documents\Internship\EDUCAMP\educamp\Lib\site-packages\sanic\server\protocols\http_protocol.py:301> took 2.985 seconds
2024-11-12 15:21:27,992 [INFO] Survey result saved to CSV successfully.
2024-11-12 15:21:27,992 [[38;2;255;13;104mACCESS[0m] 
2024-11-12 15:22:14,113 [INFO] Received signal SIGINT. Shutting down.
2024-11-12 15:22:14,113 [[34mDEBUG[0m] [34mTerminating a process: [1m[38;2;255;13;104mSanic-Server-0-0 [34m[40024][0m
2024-11-12 15:22:14,216 [INFO] Server Stopped
2024-11-12 15:22:14,349 [[34mDEBUG[0m] Sampai jumpa
2024-11-12 15:23:51,791 [[34mDEBUG[0m] Creating multiprocessing context using 'spawn'
2024-11-12 15:23:51,807 [[34mDEBUG[0m] [34mStarting a process: [1m[38;2;255;13;104mSanic-Server-0-0[0m
2024-11-12 15:23:52,650 [[34mDEBUG[0m] [34mProcess ack: [1m[38;2;255;13;104mSanic-Server-0-0 [34m[45912][0m
2024-11-12 15:23:52,650 [INFO] <Server sockets=(<asyncio.TransportSocket fd=1008, family=2, type=1, proto=6, laddr=('0.0.0.0', 8000)>,)> is serving
2024-11-12 15:23:52,666 [INFO] Starting worker [45912]
2024-11-12 15:23:53,685 [INFO] Starting survey data processing.
2024-11-12 15:23:53,685 [INFO] Processing rules - overall_analysis: certain, cat_dog: dogs, fur_value: short, tail_value: short
2024-11-12 15:23:57,220 [WARNING] Executing <Task pending name='Task-7' coro=<HttpProtocol.connection_task() running at C:\Users\RohanRVC\Documents\Internship\EDUCAMP\educamp\Lib\site-packages\sanic\server\protocols\http_protocol.py:161> wait_for=<Future pending cb=[_chain_future.<locals>._call_check_cancel() at C:\Users\RohanRVC\AppData\Local\Programs\Python\Python311\Lib\asyncio\futures.py:387, Task.task_wakeup()] created at C:\Users\RohanRVC\AppData\Local\Programs\Python\Python311\Lib\asyncio\base_events.py:427> created at C:\Users\RohanRVC\Documents\Internship\EDUCAMP\educamp\Lib\site-packages\sanic\server\protocols\http_protocol.py:301> took 3.547 seconds
2024-11-12 15:23:57,220 [INFO] Survey result saved to CSV successfully.
2024-11-12 15:23:57,220 [[38;2;255;13;104mACCESS[0m] 
2024-11-12 15:24:04,914 [INFO] Starting survey data processing.
2024-11-12 15:24:04,914 [INFO] Processing rules - overall_analysis: certain, cat_dog: dogs, fur_value: short, tail_value: short
2024-11-12 15:24:07,161 [WARNING] Executing <Task pending name='Task-9' coro=<HttpProtocol.connection_task() running at C:\Users\RohanRVC\Documents\Internship\EDUCAMP\educamp\Lib\site-packages\sanic\server\protocols\http_protocol.py:161> wait_for=<Future pending cb=[_chain_future.<locals>._call_check_cancel() at C:\Users\RohanRVC\AppData\Local\Programs\Python\Python311\Lib\asyncio\futures.py:387, Task.task_wakeup()] created at C:\Users\RohanRVC\AppData\Local\Programs\Python\Python311\Lib\asyncio\base_events.py:427> created at C:\Users\RohanRVC\Documents\Internship\EDUCAMP\educamp\Lib\site-packages\sanic\server\protocols\http_protocol.py:301> took 2.250 seconds
2024-11-12 15:24:07,169 [INFO] Survey result saved to CSV successfully.
2024-11-12 15:24:07,169 [[38;2;255;13;104mACCESS[0m] 
2024-11-12 15:24:09,760 [INFO] Starting survey data processing.
2024-11-12 15:24:09,760 [INFO] Processing rules - overall_analysis: certain, cat_dog: dogs, fur_value: long, tail_value: short
2024-11-12 15:24:11,737 [WARNING] Executing <Task pending name='Task-11' coro=<HttpProtocol.connection_task() running at C:\Users\RohanRVC\Documents\Internship\EDUCAMP\educamp\Lib\site-packages\sanic\server\protocols\http_protocol.py:161> wait_for=<Future pending cb=[_chain_future.<locals>._call_check_cancel() at C:\Users\RohanRVC\AppData\Local\Programs\Python\Python311\Lib\asyncio\futures.py:387, Task.task_wakeup()] created at C:\Users\RohanRVC\AppData\Local\Programs\Python\Python311\Lib\asyncio\base_events.py:427> created at C:\Users\RohanRVC\Documents\Internship\EDUCAMP\educamp\Lib\site-packages\sanic\server\protocols\http_protocol.py:301> took 1.985 seconds
2024-11-12 15:24:11,744 [INFO] Survey result saved to CSV successfully.
2024-11-12 15:24:11,744 [[38;2;255;13;104mACCESS[0m] 
2024-11-12 15:24:15,625 [INFO] Starting survey data processing.
2024-11-12 15:24:15,625 [INFO] Processing rules - overall_analysis: certain, cat_dog: dogs, fur_value: long, tail_value: short
2024-11-12 15:24:17,874 [WARNING] Executing <Task pending name='Task-13' coro=<HttpProtocol.connection_task() running at C:\Users\RohanRVC\Documents\Internship\EDUCAMP\educamp\Lib\site-packages\sanic\server\protocols\http_protocol.py:161> wait_for=<Future pending cb=[_chain_future.<locals>._call_check_cancel() at C:\Users\RohanRVC\AppData\Local\Programs\Python\Python311\Lib\asyncio\futures.py:387, Task.task_wakeup()] created at C:\Users\RohanRVC\AppData\Local\Programs\Python\Python311\Lib\asyncio\base_events.py:427> created at C:\Users\RohanRVC\Documents\Internship\EDUCAMP\educamp\Lib\site-packages\sanic\server\protocols\http_protocol.py:301> took 2.235 seconds
2024-11-12 15:24:17,874 [INFO] Survey result saved to CSV successfully.
2024-11-12 15:24:17,874 [[38;2;255;13;104mACCESS[0m] 
2024-11-12 15:24:38,392 [INFO] Received signal SIGINT. Shutting down.
2024-11-12 15:24:38,392 [[34mDEBUG[0m] [34mTerminating a process: [1m[38;2;255;13;104mSanic-Server-0-0 [34m[45912][0m
2024-11-12 15:24:38,505 [INFO] Server Stopped
2024-11-12 16:01:11,862 [[34mDEBUG[0m] Creating multiprocessing context using 'spawn'
2024-11-12 16:01:11,863 [[34mDEBUG[0m] [34mStarting a process: [1m[38;2;255;13;104mSanic-Server-0-0[0m
2024-11-12 16:01:12,760 [[34mDEBUG[0m] [34mProcess ack: [1m[38;2;255;13;104mSanic-Server-0-0 [34m[40516][0m
2024-11-12 16:01:12,760 [INFO] <Server sockets=(<asyncio.TransportSocket fd=880, family=2, type=1, proto=6, laddr=('0.0.0.0', 8000)>,)> is serving
2024-11-12 16:01:12,765 [INFO] Starting worker [40516]
2024-11-12 16:01:12,915 [INFO] Starting survey data processing.
2024-11-12 16:01:12,915 [INFO] Processing rules - overall_analysis: certain, cat_dog: dogs, fur_value: long, tail_value: short
2024-11-12 16:01:16,464 [WARNING] Executing <Task pending name='Task-7' coro=<HttpProtocol.connection_task() running at C:\Users\RohanRVC\Documents\Internship\EDUCAMP\educamp\Lib\site-packages\sanic\server\protocols\http_protocol.py:161> wait_for=<Future pending cb=[_chain_future.<locals>._call_check_cancel() at C:\Users\RohanRVC\AppData\Local\Programs\Python\Python311\Lib\asyncio\futures.py:387, Task.task_wakeup()] created at C:\Users\RohanRVC\AppData\Local\Programs\Python\Python311\Lib\asyncio\base_events.py:427> created at C:\Users\RohanRVC\Documents\Internship\EDUCAMP\educamp\Lib\site-packages\sanic\server\protocols\http_protocol.py:301> took 3.546 seconds
2024-11-12 16:01:16,464 [INFO] Survey result saved to CSV successfully.
2024-11-12 16:01:16,464 [[38;2;255;13;104mACCESS[0m] 
2024-11-12 16:07:11,897 [INFO] Received signal SIGINT. Shutting down.
2024-11-12 16:07:11,897 [[34mDEBUG[0m] [34mTerminating a process: [1m[38;2;255;13;104mSanic-Server-0-0 [34m[40516][0m
2024-11-12 16:07:12,000 [INFO] Server Stopped
2024-11-12 16:07:12,104 [[34mDEBUG[0m] Ha det
2024-11-12 16:07:15,667 [[34mDEBUG[0m] Creating multiprocessing context using 'spawn'
2024-11-12 16:07:15,668 [[34mDEBUG[0m] [34mStarting a process: [1m[38;2;255;13;104mSanic-Server-0-0[0m
2024-11-12 16:07:16,487 [[34mDEBUG[0m] [34mProcess ack: [1m[38;2;255;13;104mSanic-Server-0-0 [34m[51860][0m
2024-11-12 16:07:16,493 [INFO] <Server sockets=(<asyncio.TransportSocket fd=200, family=2, type=1, proto=6, laddr=('0.0.0.0', 8000)>,)> is serving
2024-11-12 16:07:16,496 [INFO] Starting worker [51860]
2024-11-12 16:07:42,077 [INFO] Starting survey data processing.
2024-11-12 16:07:45,544 [WARNING] Executing <Task pending name='Task-7' coro=<HttpProtocol.connection_task() running at C:\Users\RohanRVC\Documents\Internship\EDUCAMP\educamp\Lib\site-packages\sanic\server\protocols\http_protocol.py:161> wait_for=<Future pending cb=[_chain_future.<locals>._call_check_cancel() at C:\Users\RohanRVC\AppData\Local\Programs\Python\Python311\Lib\asyncio\futures.py:387, Task.task_wakeup()] created at C:\Users\RohanRVC\AppData\Local\Programs\Python\Python311\Lib\asyncio\base_events.py:427> created at C:\Users\RohanRVC\Documents\Internship\EDUCAMP\educamp\Lib\site-packages\sanic\server\protocols\http_protocol.py:301> took 3.469 seconds
2024-11-12 16:07:45,553 [[38;2;255;13;104mACCESS[0m] 
2024-11-12 16:08:57,373 [INFO] Starting survey data processing.
2024-11-12 16:09:01,036 [WARNING] Executing <Task pending name='Task-9' coro=<HttpProtocol.connection_task() running at C:\Users\RohanRVC\Documents\Internship\EDUCAMP\educamp\Lib\site-packages\sanic\server\protocols\http_protocol.py:161> wait_for=<Future pending cb=[_chain_future.<locals>._call_check_cancel() at C:\Users\RohanRVC\AppData\Local\Programs\Python\Python311\Lib\asyncio\futures.py:387, Task.task_wakeup()] created at C:\Users\RohanRVC\AppData\Local\Programs\Python\Python311\Lib\asyncio\base_events.py:427> created at C:\Users\RohanRVC\Documents\Internship\EDUCAMP\educamp\Lib\site-packages\sanic\server\protocols\http_protocol.py:301> took 3.672 seconds
2024-11-12 16:09:01,036 [[38;2;255;13;104mACCESS[0m] 
2024-11-12 16:10:20,468 [INFO] Received signal SIGINT. Shutting down.
2024-11-12 16:10:20,483 [[34mDEBUG[0m] [34mTerminating a process: [1m[38;2;255;13;104mSanic-Server-0-0 [34m[51860][0m
2024-11-12 16:10:20,584 [INFO] Server Stopped
2024-11-12 16:10:20,662 [[34mDEBUG[0m] Take care
2024-11-12 16:10:33,718 [[34mDEBUG[0m] Creating multiprocessing context using 'spawn'
2024-11-12 16:10:33,720 [[34mDEBUG[0m] [34mStarting a process: [1m[38;2;255;13;104mSanic-Server-0-0[0m
2024-11-12 16:10:34,592 [[34mDEBUG[0m] [34mProcess ack: [1m[38;2;255;13;104mSanic-Server-0-0 [34m[54428][0m
2024-11-12 16:10:34,595 [INFO] <Server sockets=(<asyncio.TransportSocket fd=740, family=2, type=1, proto=6, laddr=('0.0.0.0', 8000)>,)> is serving
2024-11-12 16:10:34,599 [INFO] Starting worker [54428]
2024-11-12 16:10:34,679 [INFO] Starting survey data processing.
2024-11-12 16:10:38,279 [WARNING] Executing <Task pending name='Task-7' coro=<HttpProtocol.connection_task() running at C:\Users\RohanRVC\Documents\Internship\EDUCAMP\educamp\Lib\site-packages\sanic\server\protocols\http_protocol.py:161> wait_for=<Future pending cb=[_chain_future.<locals>._call_check_cancel() at C:\Users\RohanRVC\AppData\Local\Programs\Python\Python311\Lib\asyncio\futures.py:387, Task.task_wakeup()] created at C:\Users\RohanRVC\AppData\Local\Programs\Python\Python311\Lib\asyncio\base_events.py:427> created at C:\Users\RohanRVC\Documents\Internship\EDUCAMP\educamp\Lib\site-packages\sanic\server\protocols\http_protocol.py:301> took 3.594 seconds
2024-11-12 16:10:38,279 [[38;2;255;13;104mACCESS[0m] 
2024-11-12 16:11:19,026 [INFO] Starting survey data processing.
2024-11-12 16:11:20,813 [WARNING] Executing <Task pending name='Task-9' coro=<HttpProtocol.connection_task() running at C:\Users\RohanRVC\Documents\Internship\EDUCAMP\educamp\Lib\site-packages\sanic\server\protocols\http_protocol.py:161> wait_for=<Future pending cb=[_chain_future.<locals>._call_check_cancel() at C:\Users\RohanRVC\AppData\Local\Programs\Python\Python311\Lib\asyncio\futures.py:387, Task.task_wakeup()] created at C:\Users\RohanRVC\AppData\Local\Programs\Python\Python311\Lib\asyncio\base_events.py:427> created at C:\Users\RohanRVC\Documents\Internship\EDUCAMP\educamp\Lib\site-packages\sanic\server\protocols\http_protocol.py:301> took 1.797 seconds
2024-11-12 16:11:20,829 [[38;2;255;13;104mACCESS[0m] 
2024-11-12 16:12:42,517 [INFO] Received signal SIGINT. Shutting down.
2024-11-12 16:12:42,517 [[34mDEBUG[0m] [34mTerminating a process: [1m[38;2;255;13;104mSanic-Server-0-0 [34m[54428][0m
2024-11-12 16:12:42,628 [INFO] Server Stopped
2024-11-12 16:12:42,704 [[34mDEBUG[0m] Bis später
2024-11-12 16:13:00,096 [[34mDEBUG[0m] Creating multiprocessing context using 'spawn'
2024-11-12 16:13:00,098 [[34mDEBUG[0m] [34mStarting a process: [1m[38;2;255;13;104mSanic-Server-0-0[0m
2024-11-12 16:13:01,065 [[34mDEBUG[0m] [34mProcess ack: [1m[38;2;255;13;104mSanic-Server-0-0 [34m[54380][0m
2024-11-12 16:13:01,067 [INFO] <Server sockets=(<asyncio.TransportSocket fd=708, family=2, type=1, proto=6, laddr=('0.0.0.0', 8000)>,)> is serving
2024-11-12 16:13:01,071 [INFO] Starting worker [54380]
2024-11-12 16:13:02,295 [INFO] Starting survey data processing.
2024-11-12 16:13:05,596 [WARNING] Executing <Task pending name='Task-7' coro=<HttpProtocol.connection_task() running at C:\Users\RohanRVC\Documents\Internship\EDUCAMP\educamp\Lib\site-packages\sanic\server\protocols\http_protocol.py:161> wait_for=<Future pending cb=[_chain_future.<locals>._call_check_cancel() at C:\Users\RohanRVC\AppData\Local\Programs\Python\Python311\Lib\asyncio\futures.py:387, Task.task_wakeup()] created at C:\Users\RohanRVC\AppData\Local\Programs\Python\Python311\Lib\asyncio\base_events.py:427> created at C:\Users\RohanRVC\Documents\Internship\EDUCAMP\educamp\Lib\site-packages\sanic\server\protocols\http_protocol.py:301> took 3.312 seconds
2024-11-12 16:13:05,612 [[38;2;255;13;104mACCESS[0m] 
2024-11-12 16:13:08,580 [INFO] Starting survey data processing.
2024-11-12 16:13:12,098 [WARNING] Executing <Task pending name='Task-9' coro=<HttpProtocol.connection_task() running at C:\Users\RohanRVC\Documents\Internship\EDUCAMP\educamp\Lib\site-packages\sanic\server\protocols\http_protocol.py:161> wait_for=<Future pending cb=[_chain_future.<locals>._call_check_cancel() at C:\Users\RohanRVC\AppData\Local\Programs\Python\Python311\Lib\asyncio\futures.py:387, Task.task_wakeup()] created at C:\Users\RohanRVC\AppData\Local\Programs\Python\Python311\Lib\asyncio\base_events.py:427> created at C:\Users\RohanRVC\Documents\Internship\EDUCAMP\educamp\Lib\site-packages\sanic\server\protocols\http_protocol.py:301> took 3.516 seconds
2024-11-12 16:13:12,105 [[38;2;255;13;104mACCESS[0m] 
2024-11-12 16:13:16,797 [INFO] Starting survey data processing.
2024-11-12 16:13:18,944 [WARNING] Executing <Task pending name='Task-11' coro=<HttpProtocol.connection_task() running at C:\Users\RohanRVC\Documents\Internship\EDUCAMP\educamp\Lib\site-packages\sanic\server\protocols\http_protocol.py:161> wait_for=<Future pending cb=[_chain_future.<locals>._call_check_cancel() at C:\Users\RohanRVC\AppData\Local\Programs\Python\Python311\Lib\asyncio\futures.py:387, Task.task_wakeup()] created at C:\Users\RohanRVC\AppData\Local\Programs\Python\Python311\Lib\asyncio\base_events.py:427> created at C:\Users\RohanRVC\Documents\Internship\EDUCAMP\educamp\Lib\site-packages\sanic\server\protocols\http_protocol.py:301> took 2.141 seconds
2024-11-12 16:13:18,944 [[38;2;255;13;104mACCESS[0m] 
2024-11-12 16:13:29,841 [INFO] Starting survey data processing.
2024-11-12 16:13:31,938 [WARNING] Executing <Task pending name='Task-13' coro=<HttpProtocol.connection_task() running at C:\Users\RohanRVC\Documents\Internship\EDUCAMP\educamp\Lib\site-packages\sanic\server\protocols\http_protocol.py:161> wait_for=<Future pending cb=[_chain_future.<locals>._call_check_cancel() at C:\Users\RohanRVC\AppData\Local\Programs\Python\Python311\Lib\asyncio\futures.py:387, Task.task_wakeup()] created at C:\Users\RohanRVC\AppData\Local\Programs\Python\Python311\Lib\asyncio\base_events.py:427> created at C:\Users\RohanRVC\Documents\Internship\EDUCAMP\educamp\Lib\site-packages\sanic\server\protocols\http_protocol.py:301> took 2.110 seconds
2024-11-12 16:13:31,953 [[38;2;255;13;104mACCESS[0m] 
2024-11-12 16:13:44,138 [INFO] Starting survey data processing.
2024-11-12 16:13:46,238 [WARNING] Executing <Task pending name='Task-15' coro=<HttpProtocol.connection_task() running at C:\Users\RohanRVC\Documents\Internship\EDUCAMP\educamp\Lib\site-packages\sanic\server\protocols\http_protocol.py:161> wait_for=<Future pending cb=[_chain_future.<locals>._call_check_cancel() at C:\Users\RohanRVC\AppData\Local\Programs\Python\Python311\Lib\asyncio\futures.py:387, Task.task_wakeup()] created at C:\Users\RohanRVC\AppData\Local\Programs\Python\Python311\Lib\asyncio\base_events.py:427> created at C:\Users\RohanRVC\Documents\Internship\EDUCAMP\educamp\Lib\site-packages\sanic\server\protocols\http_protocol.py:301> took 2.110 seconds
2024-11-12 16:13:46,238 [[38;2;255;13;104mACCESS[0m] 
2024-11-12 16:17:36,487 [INFO] Received signal SIGINT. Shutting down.
2024-11-12 16:17:36,487 [[34mDEBUG[0m] [34mTerminating a process: [1m[38;2;255;13;104mSanic-Server-0-0 [34m[54380][0m
2024-11-12 16:17:36,598 [INFO] Server Stopped
2024-11-12 16:39:33,711 [[34mDEBUG[0m] Creating multiprocessing context using 'spawn'
2024-11-12 16:39:33,711 [[34mDEBUG[0m] [34mStarting a process: [1m[38;2;255;13;104mSanic-Server-0-0[0m
2024-11-12 16:39:34,834 [[34mDEBUG[0m] [34mProcess ack: [1m[38;2;255;13;104mSanic-Server-0-0 [34m[38620][0m
2024-11-12 16:39:34,834 [INFO] <Server sockets=(<asyncio.TransportSocket fd=560, family=2, type=1, proto=6, laddr=('0.0.0.0', 8000)>,)> is serving
2024-11-12 16:39:34,834 [INFO] Starting worker [38620]
2024-11-12 16:42:35,759 [[34mDEBUG[0m] Error Page: The client accepts */*, using 'text' from any
2024-11-12 16:42:35,760 [[38;2;255;13;104mACCESS[0m] 
2024-11-12 16:42:58,524 [INFO] Starting survey data processing.
2024-11-12 16:43:02,604 [WARNING] Executing <Task pending name='Task-10' coro=<HttpProtocol.connection_task() running at C:\Users\RohanRVC\Documents\Internship\EDUCAMP\educamp\Lib\site-packages\sanic\server\protocols\http_protocol.py:161> wait_for=<Future pending cb=[_chain_future.<locals>._call_check_cancel() at C:\Users\RohanRVC\AppData\Local\Programs\Python\Python311\Lib\asyncio\futures.py:387, Task.task_wakeup()] created at C:\Users\RohanRVC\AppData\Local\Programs\Python\Python311\Lib\asyncio\base_events.py:427> created at C:\Users\RohanRVC\Documents\Internship\EDUCAMP\educamp\Lib\site-packages\sanic\server\protocols\http_protocol.py:301> took 4.078 seconds
2024-11-12 16:43:02,604 [ERROR] Unexpected error in process_survey_data: [Errno 13] Permission denied: 'main_data.csv'
2024-11-12 16:43:02,604 [[38;2;255;13;104mACCESS[0m] 
2024-11-12 16:43:09,815 [INFO] Starting survey data processing.
2024-11-12 16:43:11,741 [WARNING] Executing <Task pending name='Task-12' coro=<HttpProtocol.connection_task() running at C:\Users\RohanRVC\Documents\Internship\EDUCAMP\educamp\Lib\site-packages\sanic\server\protocols\http_protocol.py:161> wait_for=<Future pending cb=[_chain_future.<locals>._call_check_cancel() at C:\Users\RohanRVC\AppData\Local\Programs\Python\Python311\Lib\asyncio\futures.py:387, Task.task_wakeup()] created at C:\Users\RohanRVC\AppData\Local\Programs\Python\Python311\Lib\asyncio\base_events.py:427> created at C:\Users\RohanRVC\Documents\Internship\EDUCAMP\educamp\Lib\site-packages\sanic\server\protocols\http_protocol.py:301> took 1.922 seconds
2024-11-12 16:43:11,741 [ERROR] Unexpected error in process_survey_data: [Errno 13] Permission denied: 'main_data.csv'
2024-11-12 16:43:11,741 [[38;2;255;13;104mACCESS[0m] 
2024-11-12 16:43:32,591 [INFO] Received signal SIGINT. Shutting down.
2024-11-12 16:43:32,592 [[34mDEBUG[0m] [34mTerminating a process: [1m[38;2;255;13;104mSanic-Server-0-0 [34m[38620][0m
2024-11-12 16:43:32,694 [INFO] Server Stopped
2024-11-12 16:43:32,786 [[34mDEBUG[0m] A presto
2024-11-12 16:43:36,852 [[34mDEBUG[0m] Creating multiprocessing context using 'spawn'
2024-11-12 16:43:36,868 [[34mDEBUG[0m] [34mStarting a process: [1m[38;2;255;13;104mSanic-Server-0-0[0m
2024-11-12 16:43:37,821 [[34mDEBUG[0m] [34mProcess ack: [1m[38;2;255;13;104mSanic-Server-0-0 [34m[45256][0m
2024-11-12 16:43:37,821 [INFO] <Server sockets=(<asyncio.TransportSocket fd=1008, family=2, type=1, proto=6, laddr=('0.0.0.0', 8000)>,)> is serving
2024-11-12 16:43:37,821 [INFO] Starting worker [45256]
2024-11-12 16:43:39,981 [INFO] Starting survey data processing.
2024-11-12 16:43:43,692 [WARNING] Executing <Task pending name='Task-7' coro=<HttpProtocol.connection_task() running at C:\Users\RohanRVC\Documents\Internship\EDUCAMP\educamp\Lib\site-packages\sanic\server\protocols\http_protocol.py:161> wait_for=<Future pending cb=[_chain_future.<locals>._call_check_cancel() at C:\Users\RohanRVC\AppData\Local\Programs\Python\Python311\Lib\asyncio\futures.py:387, Task.task_wakeup()] created at C:\Users\RohanRVC\AppData\Local\Programs\Python\Python311\Lib\asyncio\base_events.py:427> created at C:\Users\RohanRVC\Documents\Internship\EDUCAMP\educamp\Lib\site-packages\sanic\server\protocols\http_protocol.py:301> took 3.719 seconds
2024-11-12 16:43:43,692 [ERROR] Unexpected error in process_survey_data: [Errno 13] Permission denied: 'main_data.csv'
2024-11-12 16:43:43,692 [[38;2;255;13;104mACCESS[0m] 
2024-11-12 16:44:08,291 [INFO] Starting survey data processing.
2024-11-12 16:44:10,572 [WARNING] Executing <Task pending name='Task-9' coro=<HttpProtocol.connection_task() running at C:\Users\RohanRVC\Documents\Internship\EDUCAMP\educamp\Lib\site-packages\sanic\server\protocols\http_protocol.py:161> wait_for=<Future pending cb=[_chain_future.<locals>._call_check_cancel() at C:\Users\RohanRVC\AppData\Local\Programs\Python\Python311\Lib\asyncio\futures.py:387, Task.task_wakeup()] created at C:\Users\RohanRVC\AppData\Local\Programs\Python\Python311\Lib\asyncio\base_events.py:427> created at C:\Users\RohanRVC\Documents\Internship\EDUCAMP\educamp\Lib\site-packages\sanic\server\protocols\http_protocol.py:301> took 2.281 seconds
2024-11-12 16:44:10,588 [[38;2;255;13;104mACCESS[0m] 
2024-11-12 16:44:57,849 [[34mDEBUG[0m] Error Page: The client accepts */*, using 'text' from any
2024-11-12 16:44:57,849 [[38;2;255;13;104mACCESS[0m] 
2024-11-12 16:46:04,179 [INFO] Received signal SIGINT. Shutting down.
2024-11-12 16:46:04,179 [[34mDEBUG[0m] [34mTerminating a process: [1m[38;2;255;13;104mSanic-Server-0-0 [34m[45256][0m
2024-11-12 16:46:04,179 [INFO] Stopping worker [45256]
2024-11-12 16:46:04,281 [INFO] Server Stopped
2024-11-12 16:46:04,367 [[34mDEBUG[0m] Goodbye
2024-11-12 16:47:55,532 [[34mDEBUG[0m] Creating multiprocessing context using 'spawn'
2024-11-12 16:47:55,533 [[34mDEBUG[0m] [34mStarting a process: [1m[38;2;255;13;104mSanic-Server-0-0[0m
2024-11-12 16:47:56,446 [[34mDEBUG[0m] [34mProcess ack: [1m[38;2;255;13;104mSanic-Server-0-0 [34m[54948][0m
2024-11-12 16:47:56,448 [INFO] <Server sockets=(<asyncio.TransportSocket fd=920, family=2, type=1, proto=6, laddr=('0.0.0.0', 8000)>,)> is serving
2024-11-12 16:47:56,452 [INFO] Starting worker [54948]
2024-11-12 16:48:30,288 [[34mDEBUG[0m] Sanic-CORS: Request to '/process-survey' matches CORS resource '/*'. Using options: {'origins': ['.*'], 'methods': 'DELETE, GET, HEAD, OPTIONS, PATCH, POST, PUT', 'allow_headers': ['.*'], 'expose_headers': None, 'supports_credentials': False, 'max_age': None, 'send_wildcard': False, 'automatic_options': True, 'vary_header': True, 'resources': '/*', 'intercept_exceptions': True, 'always_send': True}
2024-11-12 16:48:30,290 [[34mDEBUG[0m] Sanic-CORS: CORS have been already evaluated, skipping
2024-11-12 16:48:30,290 [[38;2;255;13;104mACCESS[0m] 
2024-11-12 16:48:30,295 [INFO] Starting survey data processing.
2024-11-12 16:48:34,175 [WARNING] Executing <Task pending name='Task-7' coro=<HttpProtocol.connection_task() running at C:\Users\RohanRVC\Documents\Internship\EDUCAMP\educamp\Lib\site-packages\sanic\server\protocols\http_protocol.py:161> wait_for=<Future pending cb=[_chain_future.<locals>._call_check_cancel() at C:\Users\RohanRVC\AppData\Local\Programs\Python\Python311\Lib\asyncio\futures.py:387, Task.task_wakeup()] created at C:\Users\RohanRVC\AppData\Local\Programs\Python\Python311\Lib\asyncio\base_events.py:427> created at C:\Users\RohanRVC\Documents\Internship\EDUCAMP\educamp\Lib\site-packages\sanic\server\protocols\http_protocol.py:301> took 3.890 seconds
2024-11-12 16:48:34,190 [[34mDEBUG[0m] Sanic-CORS: Request to '/process-survey' matches CORS resource '/*'. Using options: {'origins': ['.*'], 'methods': 'DELETE, GET, HEAD, OPTIONS, PATCH, POST, PUT', 'allow_headers': ['.*'], 'expose_headers': None, 'supports_credentials': False, 'max_age': None, 'send_wildcard': False, 'automatic_options': True, 'vary_header': True, 'resources': '/*', 'intercept_exceptions': True, 'always_send': True}
2024-11-12 16:48:34,190 [[38;2;255;13;104mACCESS[0m] 
2024-11-12 16:53:10,945 [INFO] Received signal SIGINT. Shutting down.
2024-11-12 16:53:10,945 [[34mDEBUG[0m] [34mTerminating a process: [1m[38;2;255;13;104mSanic-Server-0-0 [34m[54948][0m
2024-11-12 16:53:11,052 [INFO] Server Stopped
2024-11-12 16:53:11,161 [[34mDEBUG[0m] Tchau
2024-11-12 16:54:03,170 [[34mDEBUG[0m] Creating multiprocessing context using 'spawn'
2024-11-12 16:54:03,174 [[34mDEBUG[0m] [34mStarting a process: [1m[38;2;255;13;104mSanic-Server-0-0[0m
2024-11-12 16:54:04,052 [[34mDEBUG[0m] [34mProcess ack: [1m[38;2;255;13;104mSanic-Server-0-0 [34m[50440][0m
2024-11-12 16:54:04,055 [INFO] <Server sockets=(<asyncio.TransportSocket fd=480, family=2, type=1, proto=6, laddr=('0.0.0.0', 8000)>,)> is serving
2024-11-12 16:54:04,055 [INFO] Starting worker [50440]
2024-11-12 16:54:34,996 [[34mDEBUG[0m] Sanic-CORS: Request to '/process-survey' matches CORS resource '/*'. Using options: {'origins': ['.*'], 'methods': 'DELETE, GET, HEAD, OPTIONS, PATCH, POST, PUT', 'allow_headers': ['.*'], 'expose_headers': None, 'supports_credentials': False, 'max_age': None, 'send_wildcard': False, 'automatic_options': True, 'vary_header': True, 'resources': '/*', 'intercept_exceptions': True, 'always_send': True}
2024-11-12 16:54:34,998 [[34mDEBUG[0m] Sanic-CORS: CORS have been already evaluated, skipping
2024-11-12 16:54:34,998 [[38;2;255;13;104mACCESS[0m] 
2024-11-12 16:54:35,003 [INFO] Starting survey data processing.
2024-11-12 16:54:39,035 [WARNING] Executing <Task pending name='Task-7' coro=<HttpProtocol.connection_task() running at C:\Users\RohanRVC\Documents\Internship\EDUCAMP\educamp\Lib\site-packages\sanic\server\protocols\http_protocol.py:161> wait_for=<Future pending cb=[_chain_future.<locals>._call_check_cancel() at C:\Users\RohanRVC\AppData\Local\Programs\Python\Python311\Lib\asyncio\futures.py:387, Task.task_wakeup()] created at C:\Users\RohanRVC\AppData\Local\Programs\Python\Python311\Lib\asyncio\base_events.py:427> created at C:\Users\RohanRVC\Documents\Internship\EDUCAMP\educamp\Lib\site-packages\sanic\server\protocols\http_protocol.py:301> took 4.032 seconds
2024-11-12 16:54:39,035 [[34mDEBUG[0m] Sanic-CORS: Request to '/process-survey' matches CORS resource '/*'. Using options: {'origins': ['.*'], 'methods': 'DELETE, GET, HEAD, OPTIONS, PATCH, POST, PUT', 'allow_headers': ['.*'], 'expose_headers': None, 'supports_credentials': False, 'max_age': None, 'send_wildcard': False, 'automatic_options': True, 'vary_header': True, 'resources': '/*', 'intercept_exceptions': True, 'always_send': True}
2024-11-12 16:54:39,035 [[38;2;255;13;104mACCESS[0m] 
2024-11-12 16:56:15,984 [INFO] Received signal SIGINT. Shutting down.
2024-11-12 16:56:15,984 [[34mDEBUG[0m] [34mTerminating a process: [1m[38;2;255;13;104mSanic-Server-0-0 [34m[50440][0m
2024-11-12 16:56:16,089 [INFO] Server Stopped
2024-11-12 16:56:16,177 [[34mDEBUG[0m] Ha det
2024-11-12 16:57:45,557 [[34mDEBUG[0m] Creating multiprocessing context using 'spawn'
2024-11-12 16:57:45,558 [[34mDEBUG[0m] [34mStarting a process: [1m[38;2;255;13;104mSanic-Server-0-0[0m
2024-11-12 16:57:46,444 [[34mDEBUG[0m] [34mProcess ack: [1m[38;2;255;13;104mSanic-Server-0-0 [34m[28960][0m
2024-11-12 16:57:46,445 [INFO] <Server sockets=(<asyncio.TransportSocket fd=924, family=2, type=1, proto=6, laddr=('0.0.0.0', 8000)>,)> is serving
2024-11-12 16:57:46,453 [INFO] Starting worker [28960]
2024-11-12 16:58:14,323 [[34mDEBUG[0m] Sanic-CORS: Request to '/process-survey' matches CORS resource '/*'. Using options: {'origins': ['.*'], 'methods': 'DELETE, GET, HEAD, OPTIONS, PATCH, POST, PUT', 'allow_headers': ['.*'], 'expose_headers': None, 'supports_credentials': False, 'max_age': None, 'send_wildcard': False, 'automatic_options': True, 'vary_header': True, 'resources': '/*', 'intercept_exceptions': True, 'always_send': True}
2024-11-12 16:58:14,325 [[34mDEBUG[0m] Sanic-CORS: CORS have been already evaluated, skipping
2024-11-12 16:58:14,325 [[38;2;255;13;104mACCESS[0m] 
2024-11-12 16:58:14,329 [INFO] Starting survey data processing.
2024-11-12 16:58:17,990 [WARNING] Executing <Task pending name='Task-7' coro=<HttpProtocol.connection_task() running at C:\Users\RohanRVC\Documents\Internship\EDUCAMP\educamp\Lib\site-packages\sanic\server\protocols\http_protocol.py:161> wait_for=<Future pending cb=[_chain_future.<locals>._call_check_cancel() at C:\Users\RohanRVC\AppData\Local\Programs\Python\Python311\Lib\asyncio\futures.py:387, Task.task_wakeup()] created at C:\Users\RohanRVC\AppData\Local\Programs\Python\Python311\Lib\asyncio\base_events.py:427> created at C:\Users\RohanRVC\Documents\Internship\EDUCAMP\educamp\Lib\site-packages\sanic\server\protocols\http_protocol.py:301> took 3.657 seconds
2024-11-12 16:58:17,990 [[34mDEBUG[0m] Sanic-CORS: Request to '/process-survey' matches CORS resource '/*'. Using options: {'origins': ['.*'], 'methods': 'DELETE, GET, HEAD, OPTIONS, PATCH, POST, PUT', 'allow_headers': ['.*'], 'expose_headers': None, 'supports_credentials': False, 'max_age': None, 'send_wildcard': False, 'automatic_options': True, 'vary_header': True, 'resources': '/*', 'intercept_exceptions': True, 'always_send': True}
2024-11-12 16:58:17,990 [[38;2;255;13;104mACCESS[0m] 
2024-11-12 16:59:48,762 [INFO] Received signal SIGINT. Shutting down.
2024-11-12 16:59:48,762 [[34mDEBUG[0m] [34mTerminating a process: [1m[38;2;255;13;104mSanic-Server-0-0 [34m[28960][0m
2024-11-12 16:59:48,875 [INFO] Server Stopped
